BUILD: [Thrd:Sequence:Type  ] Message
BUILD: [00:0000000000:PROGC ] Build started with parameters:
BUILD: [00:0000000001:PROGC ] Build started in directory: C:\WINCE700\platform\raspi2\src\drivers\USBHost\dwcusbhc
BUILD: [00:0000000002:PROGC ] Running passes WCEFILES0, MIDL, MC, ASN, THUNK, PRECOMPHEADER, COMPILE, LOCALIZE, RENUMBERICONIDS, RES2RES, LIB, EXPLIB, LINK, MANAGEDRESX, MANAGEDMOD, MANAGEDDLL, MANAGEDEXE, MANAGEDWIN, POSTBUILD for ARM.
BUILD: [00:0000000003:PROGC ] Loading database "C:\WINCE700\platform\raspi2\BuildARMV6checked.dat".
BUILD: [00:0000000004:PROGC ] Done.
BUILD: [00:0000000005:PROGC ] Computing include file dependencies:
BUILD: [00:0000000006:WARNS ] Warning(s) in directory "C:\WINCE700\platform\raspi2\src\drivers\USBHost\dwcusbhc\".
BUILD: [00:0000000007:WARNS ] cert is not a subdirectory of C:\WINCE700\platform\raspi2\src\drivers\USBHost\dwcusbhc\.
BUILD: [01:0000000008:PROGC ] Scan C:\WINCE700\platform\raspi2\src\drivers\USBHost\dwcusbhc\Prod\
BUILD: [01:0000000009:PROGC ] ReadSourcesFiles for project C:\WINCE700\platform\raspi2\src\drivers\USBHost\dwcusbhc\Prod\.
BUILD: [00:0000000010:PROG  ] Waiting for 1 worker threads.
BUILD: [00:0000000011:PROGC ] Directory scanning complete.
BUILD: [00:0000000012:PROGC ] Saving C:\WINCE700\platform\raspi2\BuildARMV6checked.dat.
BUILD: [00:0000000013:INFO  ] Done.
BUILD: [00:0000000014:PROGC ] Saving Master Database complete.
BUILD: [00:0000000015:PROGC ] Starting WCEFILES0 Pass.
BUILD: [00:0000000016:PROGC ] Analyzing project dependency information for pass WCEFILES0.
BUILD: [00:0000000017:PROGC ] Starting MIDL Pass.
BUILD: [00:0000000018:PROGC ] Analyzing project dependency information for pass MIDL.
BUILD: [00:0000000019:PROGC ] Starting MC Pass.
BUILD: [00:0000000020:PROGC ] Analyzing project dependency information for pass MC.
BUILD: [00:0000000021:PROGC ] Starting ASN Pass.
BUILD: [00:0000000022:PROGC ] Analyzing project dependency information for pass ASN.
BUILD: [00:0000000023:PROGC ] Starting THUNK Pass.
BUILD: [00:0000000024:PROGC ] Analyzing project dependency information for pass THUNK.
BUILD: [00:0000000025:PROGC ] Starting PRECOMPHEADER Pass.
BUILD: [00:0000000026:PROGC ] Analyzing project dependency information for pass PRECOMPHEADER.
BUILD: [00:0000000027:PROGC ] Starting COMPILE Pass.
BUILD: [00:0000000028:PROGC ] Analyzing project dependency information for pass COMPILE.
BUILD: [00:0000000029:INFO  ] Will Build C:\WINCE700\platform\raspi2\src\drivers\USBHost\dwcusbhc\StateMachine.cpp because target: obj\ARMV6\checked\StateMachine.obj is missing.
BUILD: [00:0000000030:PROGC ] Building COMPILE Pass in C:\WINCE700\platform\raspi2\src\drivers\USBHost\dwcusbhc\Prod\ directory.
BUILD: [00:0000000031:PROG  ] 'NMAKE.EXE TargetCompilePass  -nologo BUILDMSG=Stop.  BUILDROOT=C:\WINCE700\platform\raspi2 NOLINK=1 NOPASS0=1' (SYNCHRONIZE_BLOCK = 0)
BUILD: [00:0000000032:PROG  ] Waiting for 1 worker threads.
BUILD: [01:0000000033:INFO  ] makefile.def: Including C:\WINCE700\public\common\oak\misc\Sources.default
BUILD: [01:0000000034:INFO  ] makefile.def: BUILDROOT is C:\WINCE700\platform\raspi2
BUILD: [01:0000000035:INFO  ] makefile.def: Including C:\WINCE700\platform\raspi2\sources.cmn
BUILD: [01:0000000036:INFO  ] makefile.def: Including C:\WINCE700\platform\raspi2\src\drivers\USBHost\dwcusbhc\Prod\sources
BUILD: [01:0000000037:INFO  ] makefile.def: Including C:\WINCE700\public\common\oak\misc\Sources.framework.default
BUILD: [01:0000000038:INFO  ] makefile.def: Including C:\WINCE700\public\common\oak\misc\Sources.CE
BUILD: [01:0000000039:INFO  ] Directory: C:\WINCE700\platform\raspi2\src\drivers\USBHost\dwcusbhc\Prod
BUILD: [01:0000000040:INFO  ] TARGETNAME: dwchcimdd
BUILD: [01:0000000041:INFO  ] makefile.def: Including C:\WINCE700\public\common\oak\misc\sources.ReleaseType_PLATFORM
BUILD: [01:0000000042:PROGC ] Compiling ..\StateMachine.cpp
BUILD: [01:0000000043:INFO  ] cl -nologo   -Foobj\ARMV6\checked\  -QRimplicit-import- -c -I. -IC:\WINCE700\public\common\oak\inc -IC:\WINCE700\public\common\sdk\inc -IC:\WINCE700\public\common\ddk\inc -IC:\WINCE700\platform\common\src\inc -IC:\WINCE700\platform\raspi2\src\inc -I..\..\usb2com -I.. -I.\Resource\0409 -Ox  -Ot -GF -Zi -FdC:\WINCE700\OSDesigns\PiProj2\PiProj2\Wince700\raspi2_ARMV6_Checked\cesysgen\platform\raspi2\lib\ARMV6\checked\dwchcimdd.pdb -DTHUMBSUPPORT -D_CRT_SECURE_NO_DEPRECATE -D_USE_32BIT_TIME_T -DUNICODE -D_UNICODE -DUNDER_CE=700 -D_WIN32_WCE=0x700 -DWINCEOEM -DWINCEINTERNAL -DWIN32 -DSTRICT -DARM -DARMV6 -D_ARM_ -D_MIDL_USE_GUIDDEF_ -DDEBUG=1  -DINTERNATIONAL -DINTLMSG_CODEPAGE=1252 -FaC:\WINCE700\platform\raspi2\src\drivers\USBHost\dwcusbhc\Prod\obj\ARMV6\checked\ -FAsc -QRarch6 -QRfpe- -QRinterwork-return -Zi  -Zc:wchar_t- -Zc:forScope- -wd4867 -wd4430 -wd4603 -wd4627 -wd4100 -wd4201 -wd4115 -wd4214 -wd4049 -wd4505 -MT -U_MT /FC -W3     /GR- ..\StateMachine.cpp 
BUILD: [01:0000000044:INFO  ] StateMachine.cpp
BUILD: [01:0000000045:WARNN ] Warning(s) in directory "C:\WINCE700\platform\raspi2\src\drivers\USBHost\dwcusbhc\Prod\".
BUILD: [01:0000000046:WARNN ] c:\wince700\platform\raspi2\src\drivers\usbhost\dwcusbhc\statemachine.cpp(473) : warning C4100: 'fFromPM' : unreferenced formal parameter
BUILD: [01:0000000047:WARNN ] c:\wince700\platform\raspi2\src\drivers\usbhost\dwcusbhc\statemachine.cpp(473) : warning C4100: 'fEnable' : unreferenced formal parameter
BUILD: [01:0000000048:WARNN ] c:\wince700\platform\raspi2\src\drivers\usbhost\dwcusbhc\statemachine.cpp(797) : warning C4101: 'p' : unreferenced local variable
BUILD: [01:0000000049:WARNN ] c:\wince700\platform\raspi2\src\drivers\usbhost\dwcusbhc\statemachine.cpp(1073) : warning C4101: 'dw' : unreferenced local variable
BUILD: [01:0000000050:WARNN ] c:\wince700\platform\raspi2\src\drivers\usbhost\dwcusbhc\statemachine.cpp(1491) : warning C4102: 'exitloop' : unreferenced label
BUILD: [01:0000000051:WARNN ] c:\wince700\platform\raspi2\src\drivers\usbhost\dwcusbhc\statemachine.cpp(1418) : warning C4101: 'NxtLinkPtr' : unreferenced local variable
BUILD: [01:0000000052:WARNN ] c:\wince700\platform\raspi2\src\drivers\usbhost\dwcusbhc\statemachine.cpp(1381) : warning C4101: 'dw' : unreferenced local variable
BUILD: [00:0000000053:PROGC ] Starting LOCALIZE Pass.
BUILD: [00:0000000054:PROGC ] Analyzing project dependency information for pass LOCALIZE.
BUILD: [00:0000000055:PROGC ] Starting RENUMBERICONIDS Pass.
BUILD: [00:0000000056:PROGC ] Analyzing project dependency information for pass RENUMBERICONIDS.
BUILD: [00:0000000057:PROGC ] Starting RES2RES Pass.
BUILD: [00:0000000058:PROGC ] Analyzing project dependency information for pass RES2RES.
BUILD: [00:0000000059:PROGC ] Starting LIB Pass.
BUILD: [00:0000000060:PROGC ] Analyzing project dependency information for pass LIB.
BUILD: [00:0000000061:INFO  ] Target: C:\WINCE700\OSDesigns\PiProj2\PiProj2\Wince700\raspi2_ARMV6_Checked\cesysgen\platform\raspi2\lib\ARMV6\checked\dwchcimdd.lib from Source: C:\WINCE700\platform\raspi2\src\drivers\USBHost\dwcusbhc\Prod\obj\ARMV6\checked\chw.obj is out of date. Older file is C:\WINCE700\platform\raspi2\src\drivers\USBHost\dwcusbhc\Prod\obj\ARMV6\checked\StateMachine.obj
BUILD: [00:0000000062:INFO  ] Will Build C:\WINCE700\platform\raspi2\src\drivers\USBHost\dwcusbhc\Prod\obj\ARMV6\checked\StateMachine.obj because target: C:\WINCE700\OSDesigns\PiProj2\PiProj2\Wince700\raspi2_ARMV6_Checked\cesysgen\platform\raspi2\lib\ARMV6\checked\dwchcimdd.lib is out of date.
BUILD: [00:0000000063:PROGC ] Building LIB Pass in C:\WINCE700\platform\raspi2\src\drivers\USBHost\dwcusbhc\Prod\ directory.
BUILD: [00:0000000064:PROG  ] 'NMAKE.EXE TargetLibFiles  -nologo BUILDMSG=Stop.  BUILDROOT=C:\WINCE700\platform\raspi2 LINKONLY=1 NOPASS0=1' (SYNCHRONIZE_BLOCK = 0)
BUILD: [00:0000000065:PROG  ] Waiting for 1 worker threads.
BUILD: [01:0000000066:INFO  ] makefile.def: Including C:\WINCE700\public\common\oak\misc\Sources.default
BUILD: [01:0000000067:INFO  ] makefile.def: BUILDROOT is C:\WINCE700\platform\raspi2
BUILD: [01:0000000068:INFO  ] makefile.def: Including C:\WINCE700\platform\raspi2\sources.cmn
BUILD: [01:0000000069:INFO  ] makefile.def: Including C:\WINCE700\platform\raspi2\src\drivers\USBHost\dwcusbhc\Prod\sources
BUILD: [01:0000000070:INFO  ] makefile.def: Including C:\WINCE700\public\common\oak\misc\Sources.framework.default
BUILD: [01:0000000071:INFO  ] makefile.def: Including C:\WINCE700\public\common\oak\misc\Sources.CE
BUILD: [01:0000000072:INFO  ] Directory: C:\WINCE700\platform\raspi2\src\drivers\USBHost\dwcusbhc\Prod
BUILD: [01:0000000073:INFO  ] TARGETNAME: dwchcimdd
BUILD: [01:0000000074:INFO  ] makefile.def: Including C:\WINCE700\public\common\oak\misc\sources.ReleaseType_PLATFORM
BUILD: [01:0000000075:INFO  ] .
BUILD: [01:0000000076:PROGC ] Linking C:\WINCE700\OSDesigns\PiProj2\PiProj2\Wince700\raspi2_ARMV6_Checked\cesysgen\platform\raspi2\lib\ARMV6\checked\dwchcimdd.lib
BUILD: [01:0000000077:INFO  ] 	ExpandPaths.bat link -lib  -out:C:\WINCE700\OSDesigns\PiProj2\PiProj2\Wince700\raspi2_ARMV6_Checked\cesysgen\platform\raspi2\lib\ARMV6\checked\dwchcimdd.lib -machine:thumb @c:\temp\bld_90802\thr_14\nm57C1.tmp
BUILD: [01:0000000078:INFO  ] ExpandPaths.bat: Info: Expanded "c:\temp\bld_90802\thr_14\nm57C1.tmp"
BUILD: [01:0000000079:INFO  ] -ignore:4001 
BUILD: [01:0000000080:INFO  ] -nologo 
BUILD: [01:0000000081:INFO  ] -nodefaultlib 
BUILD: [01:0000000082:INFO  ] "/subsystem:windowsce,7.00" 
BUILD: [01:0000000083:INFO  ] "C:\WINCE700\platform\raspi2\src\drivers\USBHost\dwcusbhc\Prod\obj\ARMV6\checked\chw.obj" 
BUILD: [01:0000000084:INFO  ] "C:\WINCE700\platform\raspi2\src\drivers\USBHost\dwcusbhc\Prod\obj\ARMV6\checked\cpipe.obj" 
BUILD: [01:0000000085:INFO  ] "C:\WINCE700\platform\raspi2\src\drivers\USBHost\dwcusbhc\Prod\obj\ARMV6\checked\ctd.obj" 
BUILD: [01:0000000086:INFO  ] "C:\WINCE700\platform\raspi2\src\drivers\USBHost\dwcusbhc\Prod\obj\ARMV6\checked\trans.obj" 
BUILD: [01:0000000087:INFO  ] "C:\WINCE700\platform\raspi2\src\drivers\USBHost\dwcusbhc\Prod\obj\ARMV6\checked\cehcd.obj" 
BUILD: [01:0000000088:INFO  ] "C:\WINCE700\platform\raspi2\src\drivers\USBHost\dwcusbhc\Prod\obj\ARMV6\checked\usb2lib.obj" 
BUILD: [01:0000000089:INFO  ] "C:\WINCE700\platform\raspi2\src\drivers\USBHost\dwcusbhc\Prod\obj\ARMV6\checked\StateMachine.obj" 
BUILD: [00:0000000090:PROGC ] Starting EXPLIB Pass.
BUILD: [00:0000000091:PROGC ] Analyzing project dependency information for pass EXPLIB.
BUILD: [00:0000000092:PROGC ] Starting LINK Pass.
BUILD: [00:0000000093:PROGC ] Analyzing project dependency information for pass LINK.
BUILD: [00:0000000094:PROGC ] Starting MANAGEDRESX Pass.
BUILD: [00:0000000095:PROGC ] Analyzing project dependency information for pass MANAGEDRESX.
BUILD: [00:0000000096:PROGC ] Starting MANAGEDMOD Pass.
BUILD: [00:0000000097:PROGC ] Analyzing project dependency information for pass MANAGEDMOD.
BUILD: [00:0000000098:PROGC ] Starting MANAGEDDLL Pass.
BUILD: [00:0000000099:PROGC ] Analyzing project dependency information for pass MANAGEDDLL.
BUILD: [00:0000000100:PROGC ] Starting MANAGEDEXE Pass.
BUILD: [00:0000000101:PROGC ] Analyzing project dependency information for pass MANAGEDEXE.
BUILD: [00:0000000102:PROGC ] Starting MANAGEDWIN Pass.
BUILD: [00:0000000103:PROGC ] Analyzing project dependency information for pass MANAGEDWIN.
BUILD: [00:0000000104:PROGC ] Starting POSTBUILD Pass.
BUILD: [00:0000000105:PROGC ] Analyzing project dependency information for pass POSTBUILD.
BUILD: [00:0000000106:PROGC ] Saving C:\WINCE700\platform\raspi2\BuildARMV6checked.dat.
BUILD: [00:0000000107:INFO  ] Done.
BUILD: [00:0000000108:PROGC ] Done.
BUILD: [00:0000000109:PROGC ]                        Files  Warnings  Errors
BUILD: [00:0000000110:PROGC ] Midl                       0         0       0
BUILD: [00:0000000111:PROGC ] Message                    0         0       0
BUILD: [00:0000000112:PROGC ] Precomp Header             0         0       0
BUILD: [00:0000000113:PROGC ] Resource                   0         0       0
BUILD: [00:0000000114:PROGC ] XRPack                     0         0       0
BUILD: [00:0000000115:PROGC ] MASM                       0         0       0
BUILD: [00:0000000116:PROGC ] SHASM                      0         0       0
BUILD: [00:0000000117:PROGC ] ARMASM                     0         0       0
BUILD: [00:0000000118:PROGC ] MIPSASM                    0         0       0
BUILD: [00:0000000119:PROGC ] C++                        1         7       0
BUILD: [00:0000000120:PROGC ] C                          0         0       0
BUILD: [00:0000000121:PROGC ] CheckLibs                  0         0       0
BUILD: [00:0000000122:PROGC ] Static Libraries           1         0       0
BUILD: [00:0000000123:PROGC ] Exe's                      0         0       0
BUILD: [00:0000000124:PROGC ] Dll's                      0         0       0
BUILD: [00:0000000125:PROGC ] Preprocess deffile         0         0       0
BUILD: [00:0000000126:PROGC ] Resx                       0         0       0
BUILD: [00:0000000127:PROGC ] CSharp Compile             0         0       0
BUILD: [00:0000000128:PROGC ] VCProj Compile             0         0       0
BUILD: [00:0000000129:PROGC ] Other                      0         2       0
BUILD: [00:0000000130:PROGC ] 
BUILD: [00:0000000131:PROGC ] Total                      2         9       0
BUILD: [00:0000000132:PROGC ] 
BUILD: [00:0000000133:PROGC ] 9 Warnings,  0 Errors
BUILD: [00:0000000134:PROGC ] GetSystemTimes (seconds): Idle: 2     Kernel: 3     User: 3    
BUILD: [00:0000000135:PROGC ] Elapsed  time  (seconds): 1    
