BUILD: [00:0000000000:PROGC ] Build started with parameters:
BUILD: [00:0000000001:PROGC ] Build started in directory: C:\WINCE700\platform\raspi\SRC\BOOTLOADER\sboot
BUILD: [00:0000000002:PROGC ] Running passes WCEFILES0, MIDL, MC, ASN, THUNK, PRECOMPHEADER, COMPILE, LOCALIZE, RENUMBERICONIDS, RES2RES, LIB, EXPLIB, LINK, MANAGEDRESX, MANAGEDMOD, MANAGEDDLL, MANAGEDEXE, MANAGEDWIN, POSTBUILD for ARM.
BUILD: [00:0000000003:PROGC ] Loading database "C:\WINCE700\platform\raspi\BuildARMV6retail.dat".
BUILD: [00:0000000004:PROGC ] Done.
BUILD: [00:0000000005:PROGC ] Computing include file dependencies:
BUILD: [01:0000000007:PROGC ] Scan C:\WINCE700\platform\raspi\SRC\BOOTLOADER\sboot\
BUILD: [01:0000000008:PROGC ] ReadSourcesFiles for project C:\WINCE700\platform\raspi\SRC\BOOTLOADER\sboot\.
BUILD: [00:0000000009:PROGC ] Directory scanning complete.
BUILD: [00:0000000010:PROGC ] Saving C:\WINCE700\platform\raspi\BuildARMV6retail.dat.
BUILD: [00:0000000012:PROGC ] Saving Master Database complete.
BUILD: [00:0000000013:PROGC ] Starting WCEFILES0 Pass.
BUILD: [00:0000000014:PROGC ] Analyzing project dependency information for pass WCEFILES0.
BUILD: [00:0000000015:PROGC ] Starting MIDL Pass.
BUILD: [00:0000000016:PROGC ] Analyzing project dependency information for pass MIDL.
BUILD: [00:0000000017:PROGC ] Starting MC Pass.
BUILD: [00:0000000018:PROGC ] Analyzing project dependency information for pass MC.
BUILD: [00:0000000019:PROGC ] Starting ASN Pass.
BUILD: [00:0000000020:PROGC ] Analyzing project dependency information for pass ASN.
BUILD: [00:0000000021:PROGC ] Starting THUNK Pass.
BUILD: [00:0000000022:PROGC ] Analyzing project dependency information for pass THUNK.
BUILD: [00:0000000023:PROGC ] Starting PRECOMPHEADER Pass.
BUILD: [00:0000000024:PROGC ] Analyzing project dependency information for pass PRECOMPHEADER.
BUILD: [00:0000000025:PROGC ] Starting COMPILE Pass.
BUILD: [00:0000000026:PROGC ] Analyzing project dependency information for pass COMPILE.
BUILD: [00:0000000028:PROGC ] Building COMPILE Pass in C:\WINCE700\platform\raspi\SRC\BOOTLOADER\sboot\ directory.
BUILD: [01:0000000042:PROGC ] Compiling .\mailbox.cpp
BUILD: [00:0000000045:PROGC ] Starting LOCALIZE Pass.
BUILD: [00:0000000046:PROGC ] Analyzing project dependency information for pass LOCALIZE.
BUILD: [00:0000000047:PROGC ] Starting RENUMBERICONIDS Pass.
BUILD: [00:0000000048:PROGC ] Analyzing project dependency information for pass RENUMBERICONIDS.
BUILD: [00:0000000049:PROGC ] Starting RES2RES Pass.
BUILD: [00:0000000050:PROGC ] Analyzing project dependency information for pass RES2RES.
BUILD: [00:0000000051:PROGC ] Starting LIB Pass.
BUILD: [00:0000000052:PROGC ] Analyzing project dependency information for pass LIB.
BUILD: [00:0000000053:PROGC ] Starting EXPLIB Pass.
BUILD: [00:0000000054:PROGC ] Analyzing project dependency information for pass EXPLIB.
BUILD: [00:0000000055:PROGC ] Starting LINK Pass.
BUILD: [00:0000000056:PROGC ] Analyzing project dependency information for pass LINK.
BUILD: [00:0000000065:PROGC ] Building LINK Pass in C:\WINCE700\platform\raspi\SRC\BOOTLOADER\sboot\ directory.
BUILD: [01:0000000081:PROGC ] Linking C:\WINCE700\OSDesigns\PiProj1\PiProj1\Wince700\raspi_ARMV6_Retail\cesysgen\platform\raspi\target\ARMV6\retail\SBOOT.exe
BUILD: [00:0000000118:PROGC ] Starting MANAGEDRESX Pass.
BUILD: [00:0000000119:PROGC ] Analyzing project dependency information for pass MANAGEDRESX.
BUILD: [00:0000000120:PROGC ] Starting MANAGEDMOD Pass.
BUILD: [00:0000000121:PROGC ] Analyzing project dependency information for pass MANAGEDMOD.
BUILD: [00:0000000122:PROGC ] Starting MANAGEDDLL Pass.
BUILD: [00:0000000123:PROGC ] Analyzing project dependency information for pass MANAGEDDLL.
BUILD: [00:0000000124:PROGC ] Starting MANAGEDEXE Pass.
BUILD: [00:0000000125:PROGC ] Analyzing project dependency information for pass MANAGEDEXE.
BUILD: [00:0000000126:PROGC ] Starting MANAGEDWIN Pass.
BUILD: [00:0000000127:PROGC ] Analyzing project dependency information for pass MANAGEDWIN.
BUILD: [00:0000000128:PROGC ] Starting POSTBUILD Pass.
BUILD: [00:0000000129:PROGC ] Analyzing project dependency information for pass POSTBUILD.
BUILD: [00:0000000130:PROGC ] Saving C:\WINCE700\platform\raspi\BuildARMV6retail.dat.
BUILD: [00:0000000132:PROGC ] Done.
BUILD: [00:0000000133:PROGC ]                        Files  Warnings  Errors
BUILD: [00:0000000134:PROGC ] Midl                       0         0       0
BUILD: [00:0000000135:PROGC ] Message                    0         0       0
BUILD: [00:0000000136:PROGC ] Precomp Header             0         0       0
BUILD: [00:0000000137:PROGC ] Resource                   0         0       0
BUILD: [00:0000000138:PROGC ] XRPack                     0         0       0
BUILD: [00:0000000139:PROGC ] MASM                       0         0       0
BUILD: [00:0000000140:PROGC ] SHASM                      0         0       0
BUILD: [00:0000000141:PROGC ] ARMASM                     0         0       0
BUILD: [00:0000000142:PROGC ] MIPSASM                    0         0       0
BUILD: [00:0000000143:PROGC ] C++                        1         0       0
BUILD: [00:0000000144:PROGC ] C                          0         0       0
BUILD: [00:0000000145:PROGC ] CheckLibs                  0         0       0
BUILD: [00:0000000146:PROGC ] Static Libraries           0         0       0
BUILD: [00:0000000147:PROGC ] Exe's                      1         0       0
BUILD: [00:0000000148:PROGC ] Dll's                      0         0       0
BUILD: [00:0000000149:PROGC ] Preprocess deffile         0         0       0
BUILD: [00:0000000150:PROGC ] Resx                       0         0       0
BUILD: [00:0000000151:PROGC ] CSharp Compile             0         0       0
BUILD: [00:0000000152:PROGC ] VCProj Compile             0         0       0
BUILD: [00:0000000153:PROGC ] Other                      0         0       0
BUILD: [00:0000000154:PROGC ] 
BUILD: [00:0000000155:PROGC ] Total                      2         0       0
BUILD: [00:0000000156:PROGC ] 
BUILD: [00:0000000157:PROGC ] 0 Warnings,  0 Errors
BUILD: [00:0000000158:PROGC ] GetSystemTimes (seconds): Idle: 10    Kernel: 10    User: 0    
BUILD: [00:0000000159:PROGC ] Elapsed  time  (seconds): 2    
