BUILD: [Thrd:Sequence:Type  ] Message
BUILD: [00:0000000000:PROGC ] Build started with parameters:
BUILD: [00:0000000001:PROGC ] Build started in directory: C:\WINCE700\platform\raspi2\src\drivers\USBHost\dwcusbhc
BUILD: [00:0000000002:PROGC ] Running passes WCEFILES0, MIDL, MC, ASN, THUNK, PRECOMPHEADER, COMPILE, LOCALIZE, RENUMBERICONIDS, RES2RES, LIB, EXPLIB, LINK, MANAGEDRESX, MANAGEDMOD, MANAGEDDLL, MANAGEDEXE, MANAGEDWIN, POSTBUILD for ARM.
BUILD: [00:0000000003:PROGC ] Loading database "C:\WINCE700\platform\raspi2\BuildARMV6checked.dat".
BUILD: [00:0000000004:PROGC ] Done.
BUILD: [00:0000000005:PROGC ] Computing include file dependencies:
BUILD: [00:0000000006:WARNS ] Warning(s) in directory "C:\WINCE700\platform\raspi2\src\drivers\USBHost\dwcusbhc\".
BUILD: [00:0000000007:WARNS ] cert is not a subdirectory of C:\WINCE700\platform\raspi2\src\drivers\USBHost\dwcusbhc\.
BUILD: [01:0000000008:PROGC ] Scan C:\WINCE700\platform\raspi2\src\drivers\USBHost\dwcusbhc\Prod\
BUILD: [01:0000000009:PROGC ] ReadSourcesFiles for project C:\WINCE700\platform\raspi2\src\drivers\USBHost\dwcusbhc\Prod\.
BUILD: [00:0000000011:PROGC ] Directory scanning complete.
BUILD: [00:0000000012:PROGC ] Saving C:\WINCE700\platform\raspi2\BuildARMV6checked.dat.
BUILD: [00:0000000014:PROGC ] Saving Master Database complete.
BUILD: [00:0000000015:PROGC ] Starting WCEFILES0 Pass.
BUILD: [00:0000000016:PROGC ] Analyzing project dependency information for pass WCEFILES0.
BUILD: [00:0000000017:PROGC ] Starting MIDL Pass.
BUILD: [00:0000000018:PROGC ] Analyzing project dependency information for pass MIDL.
BUILD: [00:0000000019:PROGC ] Starting MC Pass.
BUILD: [00:0000000020:PROGC ] Analyzing project dependency information for pass MC.
BUILD: [00:0000000021:PROGC ] Starting ASN Pass.
BUILD: [00:0000000022:PROGC ] Analyzing project dependency information for pass ASN.
BUILD: [00:0000000023:PROGC ] Starting THUNK Pass.
BUILD: [00:0000000024:PROGC ] Analyzing project dependency information for pass THUNK.
BUILD: [00:0000000025:PROGC ] Starting PRECOMPHEADER Pass.
BUILD: [00:0000000026:PROGC ] Analyzing project dependency information for pass PRECOMPHEADER.
BUILD: [00:0000000027:PROGC ] Starting COMPILE Pass.
BUILD: [00:0000000028:PROGC ] Analyzing project dependency information for pass COMPILE.
BUILD: [00:0000000030:PROGC ] Building COMPILE Pass in C:\WINCE700\platform\raspi2\src\drivers\USBHost\dwcusbhc\Prod\ directory.
BUILD: [01:0000000042:PROGC ] Compiling ..\StateMachine.cpp
BUILD: [01:0000000045:WARNN ] Warning(s) in directory "C:\WINCE700\platform\raspi2\src\drivers\USBHost\dwcusbhc\Prod\".
BUILD: [01:0000000046:WARNN ] c:\wince700\platform\raspi2\src\drivers\usbhost\dwcusbhc\statemachine.cpp(473) : warning C4100: 'fFromPM' : unreferenced formal parameter
BUILD: [01:0000000047:WARNN ] c:\wince700\platform\raspi2\src\drivers\usbhost\dwcusbhc\statemachine.cpp(473) : warning C4100: 'fEnable' : unreferenced formal parameter
BUILD: [01:0000000048:WARNN ] c:\wince700\platform\raspi2\src\drivers\usbhost\dwcusbhc\statemachine.cpp(797) : warning C4101: 'p' : unreferenced local variable
BUILD: [01:0000000049:WARNN ] c:\wince700\platform\raspi2\src\drivers\usbhost\dwcusbhc\statemachine.cpp(1073) : warning C4101: 'dw' : unreferenced local variable
BUILD: [01:0000000050:WARNN ] c:\wince700\platform\raspi2\src\drivers\usbhost\dwcusbhc\statemachine.cpp(1491) : warning C4102: 'exitloop' : unreferenced label
BUILD: [01:0000000051:WARNN ] c:\wince700\platform\raspi2\src\drivers\usbhost\dwcusbhc\statemachine.cpp(1418) : warning C4101: 'NxtLinkPtr' : unreferenced local variable
BUILD: [01:0000000052:WARNN ] c:\wince700\platform\raspi2\src\drivers\usbhost\dwcusbhc\statemachine.cpp(1381) : warning C4101: 'dw' : unreferenced local variable
BUILD: [00:0000000053:PROGC ] Starting LOCALIZE Pass.
BUILD: [00:0000000054:PROGC ] Analyzing project dependency information for pass LOCALIZE.
BUILD: [00:0000000055:PROGC ] Starting RENUMBERICONIDS Pass.
BUILD: [00:0000000056:PROGC ] Analyzing project dependency information for pass RENUMBERICONIDS.
BUILD: [00:0000000057:PROGC ] Starting RES2RES Pass.
BUILD: [00:0000000058:PROGC ] Analyzing project dependency information for pass RES2RES.
BUILD: [00:0000000059:PROGC ] Starting LIB Pass.
BUILD: [00:0000000060:PROGC ] Analyzing project dependency information for pass LIB.
BUILD: [00:0000000063:PROGC ] Building LIB Pass in C:\WINCE700\platform\raspi2\src\drivers\USBHost\dwcusbhc\Prod\ directory.
BUILD: [01:0000000076:PROGC ] Linking C:\WINCE700\OSDesigns\PiProj2\PiProj2\Wince700\raspi2_ARMV6_Checked\cesysgen\platform\raspi2\lib\ARMV6\checked\dwchcimdd.lib
BUILD: [00:0000000090:PROGC ] Starting EXPLIB Pass.
BUILD: [00:0000000091:PROGC ] Analyzing project dependency information for pass EXPLIB.
BUILD: [00:0000000092:PROGC ] Starting LINK Pass.
BUILD: [00:0000000093:PROGC ] Analyzing project dependency information for pass LINK.
BUILD: [00:0000000094:PROGC ] Starting MANAGEDRESX Pass.
BUILD: [00:0000000095:PROGC ] Analyzing project dependency information for pass MANAGEDRESX.
BUILD: [00:0000000096:PROGC ] Starting MANAGEDMOD Pass.
BUILD: [00:0000000097:PROGC ] Analyzing project dependency information for pass MANAGEDMOD.
BUILD: [00:0000000098:PROGC ] Starting MANAGEDDLL Pass.
BUILD: [00:0000000099:PROGC ] Analyzing project dependency information for pass MANAGEDDLL.
BUILD: [00:0000000100:PROGC ] Starting MANAGEDEXE Pass.
BUILD: [00:0000000101:PROGC ] Analyzing project dependency information for pass MANAGEDEXE.
BUILD: [00:0000000102:PROGC ] Starting MANAGEDWIN Pass.
BUILD: [00:0000000103:PROGC ] Analyzing project dependency information for pass MANAGEDWIN.
BUILD: [00:0000000104:PROGC ] Starting POSTBUILD Pass.
BUILD: [00:0000000105:PROGC ] Analyzing project dependency information for pass POSTBUILD.
BUILD: [00:0000000106:PROGC ] Saving C:\WINCE700\platform\raspi2\BuildARMV6checked.dat.
BUILD: [00:0000000108:PROGC ] Done.
BUILD: [00:0000000109:PROGC ]                        Files  Warnings  Errors
BUILD: [00:0000000110:PROGC ] Midl                       0         0       0
BUILD: [00:0000000111:PROGC ] Message                    0         0       0
BUILD: [00:0000000112:PROGC ] Precomp Header             0         0       0
BUILD: [00:0000000113:PROGC ] Resource                   0         0       0
BUILD: [00:0000000114:PROGC ] XRPack                     0         0       0
BUILD: [00:0000000115:PROGC ] MASM                       0         0       0
BUILD: [00:0000000116:PROGC ] SHASM                      0         0       0
BUILD: [00:0000000117:PROGC ] ARMASM                     0         0       0
BUILD: [00:0000000118:PROGC ] MIPSASM                    0         0       0
BUILD: [00:0000000119:PROGC ] C++                        1         7       0
BUILD: [00:0000000120:PROGC ] C                          0         0       0
BUILD: [00:0000000121:PROGC ] CheckLibs                  0         0       0
BUILD: [00:0000000122:PROGC ] Static Libraries           1         0       0
BUILD: [00:0000000123:PROGC ] Exe's                      0         0       0
BUILD: [00:0000000124:PROGC ] Dll's                      0         0       0
BUILD: [00:0000000125:PROGC ] Preprocess deffile         0         0       0
BUILD: [00:0000000126:PROGC ] Resx                       0         0       0
BUILD: [00:0000000127:PROGC ] CSharp Compile             0         0       0
BUILD: [00:0000000128:PROGC ] VCProj Compile             0         0       0
BUILD: [00:0000000129:PROGC ] Other                      0         2       0
BUILD: [00:0000000130:PROGC ] 
BUILD: [00:0000000131:PROGC ] Total                      2         9       0
BUILD: [00:0000000132:PROGC ] 
BUILD: [00:0000000133:PROGC ] 9 Warnings,  0 Errors
BUILD: [00:0000000134:PROGC ] GetSystemTimes (seconds): Idle: 2     Kernel: 3     User: 3    
BUILD: [00:0000000135:PROGC ] Elapsed  time  (seconds): 1    
Build for Windows CE (Release 601) (Built on May 28 2009 15:53:25)
File names: Build.log Build.wrn Build.err BuildARMV6checked.dat
